<?xml version="1.0" encoding="UTF-8"?>
<!-- Generated by org.testng.reporters.JUnitReportReporter -->
<testsuite skipped="0" hostname="Shiv" name="scripts.Assignment7" tests="1" failures="0" timestamp="01 Apr 2019 15:18:00 GMT" time="34.020" errors="0">
  <testcase name="scenario7" time="34.020" classname="scripts.Assignment7"/>
</testsuite> <!-- scripts.Assignment7 -->
