<?xml version="1.0" encoding="UTF-8"?>
<!-- Generated by org.testng.reporters.JUnitReportReporter -->
<testsuite skipped="0" hostname="Shiv" name="scripts.Assignment12" tests="1" failures="0" timestamp="01 Apr 2019 15:18:00 GMT" time="26.128" errors="0">
  <testcase name="scenario12" time="26.128" classname="scripts.Assignment12"/>
</testsuite> <!-- scripts.Assignment12 -->
