<?xml version="1.0" encoding="UTF-8"?>
<!-- Generated by org.testng.reporters.JUnitReportReporter -->
<testsuite hostname="Shiv" name="scripts.TestNGDemo" tests="1" failures="0" timestamp="31 Mar 2019 09:51:04 GMT" time="0.002" errors="0">
  <testcase name="print" time="0.002" classname="scripts.TestNGDemo"/>
</testsuite> <!-- scripts.TestNGDemo -->
