<?xml version="1.0" encoding="UTF-8"?>
<!-- Generated by org.testng.reporters.JUnitReportReporter -->
<testsuite skipped="0" hostname="Shiv" name="scripts.Assignment12" tests="1" failures="0" timestamp="01 Apr 2019 20:12:49 GMT" time="7.804" errors="0">
  <testcase name="scenario12" time="7.804" classname="scripts.Assignment12"/>
</testsuite> <!-- scripts.Assignment12 -->
