<?xml version="1.0" encoding="UTF-8"?>
<!-- Generated by org.testng.reporters.JUnitReportReporter -->
<testsuite skipped="0" hostname="Shiv" name="scripts.Assignment2" tests="1" failures="0" timestamp="01 Apr 2019 15:18:00 GMT" time="24.106" errors="0">
  <testcase name="scenario2" time="24.106" classname="scripts.Assignment2"/>
</testsuite> <!-- scripts.Assignment2 -->
