<?xml version="1.0" encoding="UTF-8"?>
<!-- Generated by org.testng.reporters.JUnitReportReporter -->
<testsuite hostname="Shiv" name="office.UrbanLadder" tests="1" failures="0" timestamp="31 Mar 2019 12:49:24 GMT" time="113.371" errors="0">
  <testcase name="testUrbanMenus" time="113.371" classname="office.UrbanLadder"/>
</testsuite> <!-- office.UrbanLadder -->
