<?xml version="1.0" encoding="UTF-8"?>
<!-- Generated by org.testng.reporters.JUnitReportReporter -->
<testsuite skipped="0" hostname="Shiv" name="scripts.Assignment15" tests="1" failures="0" timestamp="01 Apr 2019 20:12:49 GMT" time="10.789" errors="0">
  <testcase name="scenario15" time="10.789" classname="scripts.Assignment15"/>
</testsuite> <!-- scripts.Assignment15 -->
