<?xml version="1.0" encoding="UTF-8"?>
<!-- Generated by org.testng.reporters.JUnitReportReporter -->
<testsuite skipped="0" hostname="Shiv" name="scripts.Assignment17" tests="1" failures="0" timestamp="01 Apr 2019 20:12:49 GMT" time="10.794" errors="0">
  <testcase name="scenario17" time="10.794" classname="scripts.Assignment17"/>
</testsuite> <!-- scripts.Assignment17 -->
