<?xml version="1.0" encoding="UTF-8"?>
<!-- Generated by org.testng.reporters.JUnitReportReporter -->
<testsuite skipped="0" hostname="Shiv" name="scripts.Assignment11" tests="1" failures="0" timestamp="01 Apr 2019 15:18:00 GMT" time="19.812" errors="0">
  <testcase name="scenario11" time="19.812" classname="scripts.Assignment11"/>
</testsuite> <!-- scripts.Assignment11 -->
