<?xml version="1.0" encoding="UTF-8"?>
<!-- Generated by org.testng.reporters.JUnitReportReporter -->
<testsuite skipped="0" hostname="Shiv" name="scripts.Assignment15" tests="1" failures="0" timestamp="01 Apr 2019 15:18:00 GMT" time="26.611" errors="0">
  <testcase name="scenario15" time="26.611" classname="scripts.Assignment15"/>
</testsuite> <!-- scripts.Assignment15 -->
