<?xml version="1.0" encoding="UTF-8"?>
<!-- Generated by org.testng.reporters.JUnitReportReporter -->
<testsuite skipped="0" hostname="Shiv" name="scripts.Assignment3" tests="1" failures="0" timestamp="01 Apr 2019 20:12:49 GMT" time="15.765" errors="0">
  <testcase name="scenario3" time="15.765" classname="scripts.Assignment3"/>
</testsuite> <!-- scripts.Assignment3 -->
