<?xml version="1.0" encoding="UTF-8"?>
<!-- Generated by org.testng.reporters.JUnitReportReporter -->
<testsuite skipped="0" hostname="Shiv" name="scripts.Assignment13" tests="1" failures="0" timestamp="01 Apr 2019 15:18:00 GMT" time="28.097" errors="0">
  <testcase name="scenario13" time="28.097" classname="scripts.Assignment13"/>
</testsuite> <!-- scripts.Assignment13 -->
