<?xml version="1.0" encoding="UTF-8"?>
<!-- Generated by org.testng.reporters.JUnitReportReporter -->
<testsuite skipped="0" hostname="Shiv" name="scripts.Assignment8" tests="1" failures="0" timestamp="01 Apr 2019 20:12:49 GMT" time="18.155" errors="0">
  <testcase name="scenario8" time="18.155" classname="scripts.Assignment8"/>
</testsuite> <!-- scripts.Assignment8 -->
