<?xml version="1.0" encoding="UTF-8"?>
<!-- Generated by org.testng.reporters.JUnitReportReporter -->
<testsuite skipped="0" hostname="Shiv" name="scripts.Assignment3" tests="1" failures="0" timestamp="01 Apr 2019 15:18:00 GMT" time="26.543" errors="0">
  <testcase name="scenario3" time="26.543" classname="scripts.Assignment3"/>
</testsuite> <!-- scripts.Assignment3 -->
