<?xml version="1.0" encoding="UTF-8"?>
<!-- Generated by org.testng.reporters.JUnitReportReporter -->
<testsuite skipped="0" hostname="Shiv" name="scripts.Assignment5" tests="1" failures="0" timestamp="01 Apr 2019 15:18:00 GMT" time="24.207" errors="0">
  <testcase name="scenario5" time="24.207" classname="scripts.Assignment5"/>
</testsuite> <!-- scripts.Assignment5 -->
