<?xml version="1.0" encoding="UTF-8"?>
<!-- Generated by org.testng.reporters.JUnitReportReporter -->
<testsuite skipped="0" hostname="Shiv" name="scripts.Assignment4" tests="1" failures="0" timestamp="01 Apr 2019 15:18:00 GMT" time="30.385" errors="0">
  <testcase name="scenario4" time="30.385" classname="scripts.Assignment4"/>
</testsuite> <!-- scripts.Assignment4 -->
