<?xml version="1.0" encoding="UTF-8"?>
<!-- Generated by org.testng.reporters.JUnitReportReporter -->
<testsuite skipped="0" hostname="Shiv" name="scripts.Assignment13" tests="1" failures="0" timestamp="01 Apr 2019 20:12:49 GMT" time="11.207" errors="0">
  <testcase name="scenario13" time="11.207" classname="scripts.Assignment13"/>
</testsuite> <!-- scripts.Assignment13 -->
