<?xml version="1.0" encoding="UTF-8"?>
<!-- Generated by org.testng.reporters.JUnitReportReporter -->
<testsuite skipped="0" hostname="Shiv" name="scripts.Assignment6" tests="1" failures="0" timestamp="01 Apr 2019 15:18:00 GMT" time="62.182" errors="0">
  <testcase name="scenario6" time="62.182" classname="scripts.Assignment6"/>
</testsuite> <!-- scripts.Assignment6 -->
