<?xml version="1.0" encoding="UTF-8"?>
<!-- Generated by org.testng.reporters.JUnitReportReporter -->
<testsuite skipped="0" hostname="Shiv" name="scripts.Assignment20" tests="1" failures="0" timestamp="01 Apr 2019 15:17:59 GMT" time="94.359" errors="0">
  <testcase name="scenario20" time="94.359" classname="scripts.Assignment20"/>
</testsuite> <!-- scripts.Assignment20 -->
