<?xml version="1.0" encoding="UTF-8"?>
<!-- Generated by org.testng.reporters.JUnitReportReporter -->
<testsuite skipped="0" hostname="Shiv" name="scripts.Assignment1" tests="1" failures="0" timestamp="01 Apr 2019 15:18:00 GMT" time="38.030" errors="0">
  <testcase name="scenario1" time="38.030" classname="scripts.Assignment1"/>
</testsuite> <!-- scripts.Assignment1 -->
