<?xml version="1.0" encoding="UTF-8"?>
<!-- Generated by org.testng.reporters.JUnitReportReporter -->
<testsuite skipped="0" hostname="Shiv" name="scripts.Assignment1" tests="1" failures="0" timestamp="01 Apr 2019 20:12:49 GMT" time="13.948" errors="0">
  <testcase name="scenario1" time="13.948" classname="scripts.Assignment1"/>
</testsuite> <!-- scripts.Assignment1 -->
