<?xml version="1.0" encoding="UTF-8"?>
<!-- Generated by org.testng.reporters.JUnitReportReporter -->
<testsuite skipped="0" hostname="Shiv" name="scripts.Assignment11" tests="1" failures="0" timestamp="01 Apr 2019 20:12:49 GMT" time="9.341" errors="0">
  <testcase name="scenario11" time="9.341" classname="scripts.Assignment11"/>
</testsuite> <!-- scripts.Assignment11 -->
