<?xml version="1.0" encoding="UTF-8"?>
<!-- Generated by org.testng.reporters.JUnitReportReporter -->
<testsuite skipped="0" hostname="Shiv" name="scripts.Assignment16" tests="1" failures="0" timestamp="01 Apr 2019 15:18:00 GMT" time="36.814" errors="0">
  <testcase name="scenario16" time="36.814" classname="scripts.Assignment16"/>
</testsuite> <!-- scripts.Assignment16 -->
