<?xml version="1.0" encoding="UTF-8"?>
<!-- Generated by org.testng.reporters.JUnitReportReporter -->
<testsuite skipped="0" hostname="Shiv" name="scripts.Assignment14" tests="1" failures="0" timestamp="01 Apr 2019 15:18:00 GMT" time="29.260" errors="0">
  <testcase name="scenario14" time="29.260" classname="scripts.Assignment14"/>
</testsuite> <!-- scripts.Assignment14 -->
