<?xml version="1.0" encoding="UTF-8"?>
<!-- Generated by org.testng.reporters.JUnitReportReporter -->
<testsuite skipped="0" hostname="Shiv" name="scripts.Assignment4" tests="1" failures="0" timestamp="01 Apr 2019 20:12:49 GMT" time="12.332" errors="0">
  <testcase name="scenario4" time="12.332" classname="scripts.Assignment4"/>
</testsuite> <!-- scripts.Assignment4 -->
